0 info it worked if it ends with ok
1 verbose cli [ 'node', '/usr/local/bin/npm', 'install', 'express@3.4.7', '-g' ]
2 info using npm@2.5.1
3 info using node@v0.12.1
4 silly cache add args [ 'express@3.4.7', null ]
5 verbose cache add spec express@3.4.7
6 silly cache add parsed spec { raw: 'express@3.4.7',
6 silly cache add   scope: null,
6 silly cache add   name: 'express',
6 silly cache add   rawSpec: '3.4.7',
6 silly cache add   spec: '3.4.7',
6 silly cache add   type: 'version' }
7 verbose addNamed express@3.4.7
8 silly addNamed semver.valid 3.4.7
9 silly addNamed semver.validRange 3.4.7
10 silly mapToRegistry name express
11 silly mapToRegistry using default registry
12 silly mapToRegistry registry https://registry.npmjs.org/
13 silly mapToRegistry uri https://registry.npmjs.org/express
14 verbose addNameVersion registry:https://registry.npmjs.org/express not in flight; fetching
15 verbose request uri https://registry.npmjs.org/express
16 verbose request no auth needed
17 info attempt registry request try #1 at 08:03:42
18 verbose request id 86bae95e2851d393
19 verbose etag "F2TI81D91UVVC244O7II1U8TJ"
20 http request GET https://registry.npmjs.org/express
21 http 200 https://registry.npmjs.org/express
22 silly get cb [ 200,
22 silly get   { date: 'Tue, 07 Apr 2015 23:03:42 GMT',
22 silly get     server: 'CouchDB/1.5.0 (Erlang OTP/R16B03)',
22 silly get     etag: '"5CJ4NFKNVV7GOQQL49TDSOK0H"',
22 silly get     'content-type': 'application/json',
22 silly get     'cache-control': 'max-age=60',
22 silly get     'content-length': '492047',
22 silly get     'accept-ranges': 'bytes',
22 silly get     via: '1.1 varnish',
22 silly get     age: '44',
22 silly get     'x-served-by': 'cache-nrt6128-NRT',
22 silly get     'x-cache': 'HIT',
22 silly get     'x-cache-hits': '1',
22 silly get     'x-timer': 'S1428447822.203007,VS0,VE4',
22 silly get     vary: 'Accept',
22 silly get     'keep-alive': 'timeout=10, max=50',
22 silly get     connection: 'Keep-Alive' } ]
23 verbose get saving express to /Users/TakuyaIshitani/.npm/registry.npmjs.org/express/.cache.json
24 silly mapToRegistry name express
25 silly mapToRegistry using default registry
26 silly mapToRegistry registry https://registry.npmjs.org/
27 silly mapToRegistry uri https://registry.npmjs.org/express
28 verbose addRemoteTarball https://registry.npmjs.org/express/-/express-3.4.7.tgz not in flight; adding
29 verbose addRemoteTarball [ 'https://registry.npmjs.org/express/-/express-3.4.7.tgz',
29 verbose addRemoteTarball   '3b939c47d2aa44dfecf77d50da2123c5bd313366' ]
30 info retry fetch attempt 1 at 08:03:42
31 info attempt registry request try #1 at 08:03:42
32 http fetch GET https://registry.npmjs.org/express/-/express-3.4.7.tgz
33 http fetch 200 https://registry.npmjs.org/express/-/express-3.4.7.tgz
34 silly fetchAndShaCheck shasum 3b939c47d2aa44dfecf77d50da2123c5bd313366
35 verbose addTmpTarball /var/folders/tj/1zrsrty16p341_8bt0sktxcc0000gn/T/npm-2956-da94e41a/registry.npmjs.org/express/-/express-3.4.7.tgz not in flight; adding
36 verbose addTmpTarball already have metadata; skipping unpack for express@3.4.7
37 silly cache afterAdd express@3.4.7
38 verbose afterAdd /Users/TakuyaIshitani/.npm/express/3.4.7/package/package.json not in flight; writing
39 verbose afterAdd /Users/TakuyaIshitani/.npm/express/3.4.7/package/package.json written
40 silly install resolved [ { name: 'express',
40 silly install resolved     description: 'Sinatra inspired web development framework',
40 silly install resolved     version: '3.4.7',
40 silly install resolved     author: { name: 'TJ Holowaychuk', email: 'tj@vision-media.ca' },
40 silly install resolved     contributors: [ [Object], [Object], [Object], [Object] ],
40 silly install resolved     dependencies:
40 silly install resolved      { connect: '2.12.0',
40 silly install resolved        commander: '1.3.2',
40 silly install resolved        'range-parser': '0.0.4',
40 silly install resolved        mkdirp: '0.3.5',
40 silly install resolved        cookie: '0.1.0',
40 silly install resolved        'buffer-crc32': '0.2.1',
40 silly install resolved        fresh: '0.2.0',
40 silly install resolved        methods: '0.1.0',
40 silly install resolved        send: '0.1.4',
40 silly install resolved        'cookie-signature': '1.0.1',
40 silly install resolved        'merge-descriptors': '0.0.1',
40 silly install resolved        debug: '>= 0.7.3 < 1' },
40 silly install resolved     devDependencies:
40 silly install resolved      { ejs: '~0.8.4',
40 silly install resolved        mocha: '~1.15.1',
40 silly install resolved        jade: '~0.30.0',
40 silly install resolved        hjs: '~0.0.6',
40 silly install resolved        stylus: '~0.40.0',
40 silly install resolved        should: '~2.1.1',
40 silly install resolved        'connect-redis': '~1.4.5',
40 silly install resolved        marked: '0.2.10',
40 silly install resolved        supertest: '~0.8.1' },
40 silly install resolved     keywords:
40 silly install resolved      [ 'express',
40 silly install resolved        'framework',
40 silly install resolved        'sinatra',
40 silly install resolved        'web',
40 silly install resolved        'rest',
40 silly install resolved        'restful',
40 silly install resolved        'router',
40 silly install resolved        'app',
40 silly install resolved        'api' ],
40 silly install resolved     repository: { type: 'git', url: 'git://github.com/visionmedia/express' },
40 silly install resolved     main: 'index',
40 silly install resolved     bin: { express: './bin/express' },
40 silly install resolved     scripts: { prepublish: 'npm prune', test: 'make test' },
40 silly install resolved     engines: { node: '>= 0.8.0' },
40 silly install resolved     bugs: { url: 'https://github.com/visionmedia/express/issues' },
40 silly install resolved     _id: 'express@3.4.7',
40 silly install resolved     dist:
40 silly install resolved      { shasum: '3b939c47d2aa44dfecf77d50da2123c5bd313366',
40 silly install resolved        tarball: 'http://registry.npmjs.org/express/-/express-3.4.7.tgz' },
40 silly install resolved     _from: 'express@3.4.7',
40 silly install resolved     _npmVersion: '1.2.30',
40 silly install resolved     _npmUser: { name: 'jongleberry', email: 'jonathanrichardong@gmail.com' },
40 silly install resolved     maintainers: [ [Object], [Object] ],
40 silly install resolved     directories: {},
40 silly install resolved     _shasum: '3b939c47d2aa44dfecf77d50da2123c5bd313366',
40 silly install resolved     _resolved: 'https://registry.npmjs.org/express/-/express-3.4.7.tgz' } ]
41 info install express@3.4.7 into /usr/local/lib
42 info installOne express@3.4.7
43 verbose installOne of express to /usr/local/lib not in flight; installing
44 verbose lock using /Users/TakuyaIshitani/.npm/_locks/express-59b5b7164c5e2658.lock for /usr/local/lib/node_modules/express
45 silly install write writing express 3.4.7 to /usr/local/lib/node_modules/express
46 silly cache addNamed cb express@3.4.7
47 verbose unbuild lib/node_modules/express
48 verbose gentlyRm vacuuming /usr/local/lib/node_modules/express
49 verbose tar unpack /Users/TakuyaIshitani/.npm/express/3.4.7/package.tgz
50 verbose tar unpacking to /usr/local/lib/node_modules/express
51 verbose gentlyRm vacuuming /usr/local/lib/node_modules/express
52 silly gunzTarPerm modes [ '755', '644' ]
53 error tar.unpack untar error /Users/TakuyaIshitani/.npm/express/3.4.7/package.tgz
54 verbose unlock done using /Users/TakuyaIshitani/.npm/_locks/express-59b5b7164c5e2658.lock for /usr/local/lib/node_modules/express
55 verbose fstream_path /usr/local/lib/node_modules/express
56 verbose fstream_type Directory
57 verbose fstream_class DirWriter
58 verbose stack Error: EACCES, mkdir '/usr/local/lib/node_modules/express'
58 verbose stack     at Error (native)
59 verbose fstream_stack /usr/local/lib/node_modules/npm/node_modules/fstream/lib/dir-writer.js:36:23
59 verbose fstream_stack /usr/local/lib/node_modules/npm/node_modules/mkdirp/index.js:46:53
59 verbose fstream_stack FSReqWrap.oncomplete (fs.js:99:15)
60 verbose cwd /Users/TakuyaIshitani/Desktop/project05
61 error Darwin 14.1.0
62 error argv "node" "/usr/local/bin/npm" "install" "express@3.4.7" "-g"
63 error node v0.12.1
64 error npm  v2.5.1
65 error path /usr/local/lib/node_modules/express
66 error code EACCES
67 error errno -13
68 error Error: EACCES, mkdir '/usr/local/lib/node_modules/express'
68 error     at Error (native)
68 error  { [Error: EACCES, mkdir '/usr/local/lib/node_modules/express']
68 error   errno: -13,
68 error   code: 'EACCES',
68 error   path: '/usr/local/lib/node_modules/express',
68 error   fstream_type: 'Directory',
68 error   fstream_path: '/usr/local/lib/node_modules/express',
68 error   fstream_class: 'DirWriter',
68 error   fstream_stack:
68 error    [ '/usr/local/lib/node_modules/npm/node_modules/fstream/lib/dir-writer.js:36:23',
68 error      '/usr/local/lib/node_modules/npm/node_modules/mkdirp/index.js:46:53',
68 error      'FSReqWrap.oncomplete (fs.js:99:15)' ] }
69 error Please try running this command again as root/Administrator.
70 verbose exit [ -13, true ]
71 verbose unbuild lib/node_modules/express
72 verbose gentlyRm vacuuming /usr/local/lib/node_modules/express
